<?xml version="1.0" encoding="UTF-8"?>
<testng-results ignored="0" total="1" passed="1" failed="0" skipped="0">
  <reporter-output>
  </reporter-output>
  <suite started-at="2023-07-15T22:42:32 CDT" name="Default suite" finished-at="2023-07-15T22:42:53 CDT" duration-ms="21130">
    <groups>
    </groups>
    <test started-at="2023-07-15T22:42:32 CDT" name="Default test" finished-at="2023-07-15T22:42:53 CDT" duration-ms="21130">
      <class name="nb_c10s8_Test_pkg.AddCustomerTest">
        <test-method signature="userShouldBeAbleToAddCustomer()[pri:0, instance:nb_c10s8_Test_pkg.AddCustomerTest@354fc8f0]" started-at="2023-07-15T22:42:32 CDT" name="userShouldBeAbleToAddCustomer" finished-at="2023-07-15T22:42:53 CDT" duration-ms="21051" status="PASS">
          <reporter-output>
          </reporter-output>
        </test-method> <!-- userShouldBeAbleToAddCustomer -->
      </class> <!-- nb_c10s8_Test_pkg.AddCustomerTest -->
    </test> <!-- Default test -->
  </suite> <!-- Default suite -->
</testng-results>
